[int, -1]
[identifier, 0]
[;, -1]
[identifier, 0]
[=, -1]
[-, -1]
[int const, 0]
[;, -1]
[int, -1]
[identifier, 1]
[;, -1]
[identifier, 1]
[=, -1]
[int const, 1]
[;, -1]
[int, -1]
[identifier, 0]
[;, -1]
[identifier, 0]
[=, -1]
[input, -1]
[(, -1]
[), -1]
[;, -1]
[array, -1]
[int, -1]
[identifier, 2]
[[, -1]
[], -1]
[;, -1]
[for, -1]
[(, -1]
[int, -1]
[identifier, 3]
[=, -1]
[int const, 2]
[;, -1]
[identifier, 3]
[<, -1]
[identifier, 0]
[;, -1]
[identifier, 3]
[+, -1]
[+, -1]
[), -1]
[{, -1]
[identifier, 2]
[[, -1]
[identifier, 3]
[], -1]
[=, -1]
[input, -1]
[(, -1]
[string const, 3]
[), -1]
[;, -1]
[}, -1]
[for, -1]
[(, -1]
[int, -1]
[identifier, 3]
[=, -1]
[int const, 2]
[;, -1]
[identifier, 3]
[<, -1]
[identifier, 0]
[;, -1]
[identifier, 3]
[+, -1]
[+, -1]
[), -1]
[{, -1]
[if, -1]
[(, -1]
[identifier, 2]
[[, -1]
[identifier, 3]
[], -1]
[>, -1]
[identifier, 0]
[), -1]
[{, -1]
[identifier, 0]
[=, -1]
[identifier, 2]
[[, -1]
[identifier, 3]
[], -1]
[;, -1]
[}, -1]
[if, -1]
[(, -1]
[identifier, 2]
[[, -1]
[identifier, 3]
[], -1]
[<, -1]
[identifier, 1]
[), -1]
[{, -1]
[identifier, 1]
[=, -1]
[identifier, 2]
[[, -1]
[identifier, 3]
[], -1]
[;, -1]
[}, -1]
[}, -1]
[print, -1]
[(, -1]
[string const, 0]
[+, -1]
[str, -1]
[(, -1]
[identifier, 0]
[), -1]
[+, -1]
[string const, 1]
[+, -1]
[str, -1]
[(, -1]
[identifier, 1]
[), -1]
[), -1]
[;, -1]
